This is pdfTeX, Version 3.141592653-2.6-1.40.24 (TeX Live 2022) (preloaded format=pdflatex 2023.1.4)  9 JAN 2023 10:35
entering extended mode
 restricted \write18 enabled.
 %&-line parsing enabled.
**rmarkdown_paper.tex
(./rmarkdown_paper.tex
LaTeX2e <2022-11-01> patch level 1
L3 programming layer <2022-12-17> (./svjour3.cls
Document Class: svjour3 2007/05/08 v3.2 
LaTeX document class for Springer journals
Class Springer-SVJour3 Info: extra/valid Springer sub-package (-> *.clo) 
(Springer-SVJour3)           not found in option list of \documentclass
(Springer-SVJour3)           - autoactivating "global" style.

! LaTeX Error: File `svglov3.clo' not found.

Type X to quit or <RETURN> to proceed,
or enter new name. (Default extension: clo)

Enter file name: 
! Emergency stop.
<read *> 
         
l.131 \input{svglov3.clo}
                         ^^M 
Here is how much of TeX's memory you used:
 112 strings out of 478033
 1655 string characters out of 5837986
 1848787 words of memory out of 5000000
 20342 multiletter control sequences out of 15000+600000
 512287 words of font info for 32 fonts, out of 8000000 for 9000
 14 hyphenation exceptions out of 8191
 31i,0n,40p,167b,18s stack positions out of 10000i,1000n,20000p,200000b,200000s

!  ==> Fatal error occurred, no output PDF file produced!
